[0.012s] Invoking command in '/home/v120506/rmitbot_v3/lesson1_ws/build/rmitbot_bringup': CMAKE_PREFIX_PATH=${CMAKE_PREFIX_PATH}:/opt/ros/jazzy DEBUGINFOD_URLS=https://debuginfod.ubuntu.com /usr/bin/cmake /home/v120506/rmitbot_v3/lesson1_ws/src/rmitbot_bringup -DCMAKE_INSTALL_PREFIX=/home/v120506/rmitbot_v3/lesson1_ws/install/rmitbot_bringup
[0.134s] -- The C compiler identification is GNU 13.3.0
[0.234s] -- The CXX compiler identification is GNU 13.3.0
[0.252s] -- Detecting C compiler ABI info
[0.326s] -- Detecting C compiler ABI info - done
[0.335s] -- Check for working C compiler: /usr/bin/cc - skipped
[0.335s] -- Detecting C compile features
[0.336s] -- Detecting C compile features - done
[0.344s] -- Detecting CXX compiler ABI info
[0.426s] -- Detecting CXX compiler ABI info - done
[0.436s] -- Check for working CXX compiler: /usr/bin/c++ - skipped
[0.436s] -- Detecting CXX compile features
[0.437s] -- Detecting CXX compile features - done
[0.447s] -- Found ament_cmake: 2.5.4 (/opt/ros/jazzy/share/ament_cmake/cmake)
[0.594s] -- Found Python3: /usr/bin/python3 (found version "3.12.3") found components: Interpreter 
[0.807s] -- Configuring done (0.8s)
[0.809s] -- Generating done (0.0s)
[0.811s] -- Build files have been written to: /home/v120506/rmitbot_v3/lesson1_ws/build/rmitbot_bringup
[0.815s] Invoked command in '/home/v120506/rmitbot_v3/lesson1_ws/build/rmitbot_bringup' returned '0': CMAKE_PREFIX_PATH=${CMAKE_PREFIX_PATH}:/opt/ros/jazzy DEBUGINFOD_URLS=https://debuginfod.ubuntu.com /usr/bin/cmake /home/v120506/rmitbot_v3/lesson1_ws/src/rmitbot_bringup -DCMAKE_INSTALL_PREFIX=/home/v120506/rmitbot_v3/lesson1_ws/install/rmitbot_bringup
[0.816s] Invoking command in '/home/v120506/rmitbot_v3/lesson1_ws/build/rmitbot_bringup': CMAKE_PREFIX_PATH=${CMAKE_PREFIX_PATH}:/opt/ros/jazzy DEBUGINFOD_URLS=https://debuginfod.ubuntu.com /usr/bin/cmake --build /home/v120506/rmitbot_v3/lesson1_ws/build/rmitbot_bringup -- -j8 -l8
[0.857s] Invoked command in '/home/v120506/rmitbot_v3/lesson1_ws/build/rmitbot_bringup' returned '0': CMAKE_PREFIX_PATH=${CMAKE_PREFIX_PATH}:/opt/ros/jazzy DEBUGINFOD_URLS=https://debuginfod.ubuntu.com /usr/bin/cmake --build /home/v120506/rmitbot_v3/lesson1_ws/build/rmitbot_bringup -- -j8 -l8
[0.857s] Invoking command in '/home/v120506/rmitbot_v3/lesson1_ws/build/rmitbot_bringup': CMAKE_PREFIX_PATH=${CMAKE_PREFIX_PATH}:/opt/ros/jazzy DEBUGINFOD_URLS=https://debuginfod.ubuntu.com /usr/bin/cmake --install /home/v120506/rmitbot_v3/lesson1_ws/build/rmitbot_bringup
[0.863s] -- Install configuration: ""
[0.863s] -- Installing: /home/v120506/rmitbot_v3/lesson1_ws/install/rmitbot_bringup/share/rmitbot_bringup/launch
[0.863s] -- Installing: /home/v120506/rmitbot_v3/lesson1_ws/install/rmitbot_bringup/share/rmitbot_bringup/launch/rmitbot.launch.py
[0.864s] -- Installing: /home/v120506/rmitbot_v3/lesson1_ws/install/rmitbot_bringup/share/ament_index/resource_index/package_run_dependencies/rmitbot_bringup
[0.864s] -- Installing: /home/v120506/rmitbot_v3/lesson1_ws/install/rmitbot_bringup/share/ament_index/resource_index/parent_prefix_path/rmitbot_bringup
[0.864s] -- Installing: /home/v120506/rmitbot_v3/lesson1_ws/install/rmitbot_bringup/share/rmitbot_bringup/environment/ament_prefix_path.sh
[0.864s] -- Installing: /home/v120506/rmitbot_v3/lesson1_ws/install/rmitbot_bringup/share/rmitbot_bringup/environment/ament_prefix_path.dsv
[0.864s] -- Installing: /home/v120506/rmitbot_v3/lesson1_ws/install/rmitbot_bringup/share/rmitbot_bringup/environment/path.sh
[0.864s] -- Installing: /home/v120506/rmitbot_v3/lesson1_ws/install/rmitbot_bringup/share/rmitbot_bringup/environment/path.dsv
[0.864s] -- Installing: /home/v120506/rmitbot_v3/lesson1_ws/install/rmitbot_bringup/share/rmitbot_bringup/local_setup.bash
[0.864s] -- Installing: /home/v120506/rmitbot_v3/lesson1_ws/install/rmitbot_bringup/share/rmitbot_bringup/local_setup.sh
[0.864s] -- Installing: /home/v120506/rmitbot_v3/lesson1_ws/install/rmitbot_bringup/share/rmitbot_bringup/local_setup.zsh
[0.864s] -- Installing: /home/v120506/rmitbot_v3/lesson1_ws/install/rmitbot_bringup/share/rmitbot_bringup/local_setup.dsv
[0.864s] -- Installing: /home/v120506/rmitbot_v3/lesson1_ws/install/rmitbot_bringup/share/rmitbot_bringup/package.dsv
[0.864s] -- Installing: /home/v120506/rmitbot_v3/lesson1_ws/install/rmitbot_bringup/share/ament_index/resource_index/packages/rmitbot_bringup
[0.865s] -- Installing: /home/v120506/rmitbot_v3/lesson1_ws/install/rmitbot_bringup/share/rmitbot_bringup/cmake/rmitbot_bringupConfig.cmake
[0.865s] -- Installing: /home/v120506/rmitbot_v3/lesson1_ws/install/rmitbot_bringup/share/rmitbot_bringup/cmake/rmitbot_bringupConfig-version.cmake
[0.865s] -- Installing: /home/v120506/rmitbot_v3/lesson1_ws/install/rmitbot_bringup/share/rmitbot_bringup/package.xml
[0.866s] Invoked command in '/home/v120506/rmitbot_v3/lesson1_ws/build/rmitbot_bringup' returned '0': CMAKE_PREFIX_PATH=${CMAKE_PREFIX_PATH}:/opt/ros/jazzy DEBUGINFOD_URLS=https://debuginfod.ubuntu.com /usr/bin/cmake --install /home/v120506/rmitbot_v3/lesson1_ws/build/rmitbot_bringup
