[0.011s] Invoking command in '/home/v120506/rmitbot_v4/lesson1_ws/build/rmitbot_bringup': CMAKE_PREFIX_PATH=${CMAKE_PREFIX_PATH}:/opt/ros/jazzy DEBUGINFOD_URLS=https://debuginfod.ubuntu.com /usr/bin/cmake /home/v120506/rmitbot_v4/lesson1_ws/src/rmitbot_bringup -DCMAKE_INSTALL_PREFIX=/home/v120506/rmitbot_v4/lesson1_ws/install/rmitbot_bringup
[0.170s] -- The C compiler identification is GNU 13.3.0
[0.273s] -- The CXX compiler identification is GNU 13.3.0
[0.291s] -- Detecting C compiler ABI info
[0.373s] -- Detecting C compiler ABI info - done
[0.383s] -- Check for working C compiler: /usr/bin/cc - skipped
[0.384s] -- Detecting C compile features
[0.384s] -- Detecting C compile features - done
[0.392s] -- Detecting CXX compiler ABI info
[0.482s] -- Detecting CXX compiler ABI info - done
[0.490s] -- Check for working CXX compiler: /usr/bin/c++ - skipped
[0.490s] -- Detecting CXX compile features
[0.491s] -- Detecting CXX compile features - done
[0.503s] -- Found ament_cmake: 2.5.4 (/opt/ros/jazzy/share/ament_cmake/cmake)
[0.641s] -- Found Python3: /usr/bin/python3 (found version "3.12.3") found components: Interpreter 
[0.849s] -- Configuring done (0.8s)
[0.852s] -- Generating done (0.0s)
[0.854s] -- Build files have been written to: /home/v120506/rmitbot_v4/lesson1_ws/build/rmitbot_bringup
[0.860s] Invoked command in '/home/v120506/rmitbot_v4/lesson1_ws/build/rmitbot_bringup' returned '0': CMAKE_PREFIX_PATH=${CMAKE_PREFIX_PATH}:/opt/ros/jazzy DEBUGINFOD_URLS=https://debuginfod.ubuntu.com /usr/bin/cmake /home/v120506/rmitbot_v4/lesson1_ws/src/rmitbot_bringup -DCMAKE_INSTALL_PREFIX=/home/v120506/rmitbot_v4/lesson1_ws/install/rmitbot_bringup
[0.861s] Invoking command in '/home/v120506/rmitbot_v4/lesson1_ws/build/rmitbot_bringup': CMAKE_PREFIX_PATH=${CMAKE_PREFIX_PATH}:/opt/ros/jazzy DEBUGINFOD_URLS=https://debuginfod.ubuntu.com /usr/bin/cmake --build /home/v120506/rmitbot_v4/lesson1_ws/build/rmitbot_bringup -- -j8 -l8
[0.903s] Invoked command in '/home/v120506/rmitbot_v4/lesson1_ws/build/rmitbot_bringup' returned '0': CMAKE_PREFIX_PATH=${CMAKE_PREFIX_PATH}:/opt/ros/jazzy DEBUGINFOD_URLS=https://debuginfod.ubuntu.com /usr/bin/cmake --build /home/v120506/rmitbot_v4/lesson1_ws/build/rmitbot_bringup -- -j8 -l8
[0.903s] Invoking command in '/home/v120506/rmitbot_v4/lesson1_ws/build/rmitbot_bringup': CMAKE_PREFIX_PATH=${CMAKE_PREFIX_PATH}:/opt/ros/jazzy DEBUGINFOD_URLS=https://debuginfod.ubuntu.com /usr/bin/cmake --install /home/v120506/rmitbot_v4/lesson1_ws/build/rmitbot_bringup
[0.909s] -- Install configuration: ""
[0.909s] -- Installing: /home/v120506/rmitbot_v4/lesson1_ws/install/rmitbot_bringup/share/rmitbot_bringup/launch
[0.909s] -- Installing: /home/v120506/rmitbot_v4/lesson1_ws/install/rmitbot_bringup/share/rmitbot_bringup/launch/rmitbot.launch.py
[0.910s] -- Installing: /home/v120506/rmitbot_v4/lesson1_ws/install/rmitbot_bringup/share/ament_index/resource_index/package_run_dependencies/rmitbot_bringup
[0.910s] -- Installing: /home/v120506/rmitbot_v4/lesson1_ws/install/rmitbot_bringup/share/ament_index/resource_index/parent_prefix_path/rmitbot_bringup
[0.910s] -- Installing: /home/v120506/rmitbot_v4/lesson1_ws/install/rmitbot_bringup/share/rmitbot_bringup/environment/ament_prefix_path.sh
[0.910s] -- Installing: /home/v120506/rmitbot_v4/lesson1_ws/install/rmitbot_bringup/share/rmitbot_bringup/environment/ament_prefix_path.dsv
[0.910s] -- Installing: /home/v120506/rmitbot_v4/lesson1_ws/install/rmitbot_bringup/share/rmitbot_bringup/environment/path.sh
[0.910s] -- Installing: /home/v120506/rmitbot_v4/lesson1_ws/install/rmitbot_bringup/share/rmitbot_bringup/environment/path.dsv
[0.910s] -- Installing: /home/v120506/rmitbot_v4/lesson1_ws/install/rmitbot_bringup/share/rmitbot_bringup/local_setup.bash
[0.910s] -- Installing: /home/v120506/rmitbot_v4/lesson1_ws/install/rmitbot_bringup/share/rmitbot_bringup/local_setup.sh
[0.910s] -- Installing: /home/v120506/rmitbot_v4/lesson1_ws/install/rmitbot_bringup/share/rmitbot_bringup/local_setup.zsh
[0.910s] -- Installing: /home/v120506/rmitbot_v4/lesson1_ws/install/rmitbot_bringup/share/rmitbot_bringup/local_setup.dsv
[0.910s] -- Installing: /home/v120506/rmitbot_v4/lesson1_ws/install/rmitbot_bringup/share/rmitbot_bringup/package.dsv
[0.910s] -- Installing: /home/v120506/rmitbot_v4/lesson1_ws/install/rmitbot_bringup/share/ament_index/resource_index/packages/rmitbot_bringup
[0.911s] -- Installing: /home/v120506/rmitbot_v4/lesson1_ws/install/rmitbot_bringup/share/rmitbot_bringup/cmake/rmitbot_bringupConfig.cmake
[0.911s] -- Installing: /home/v120506/rmitbot_v4/lesson1_ws/install/rmitbot_bringup/share/rmitbot_bringup/cmake/rmitbot_bringupConfig-version.cmake
[0.911s] -- Installing: /home/v120506/rmitbot_v4/lesson1_ws/install/rmitbot_bringup/share/rmitbot_bringup/package.xml
[0.913s] Invoked command in '/home/v120506/rmitbot_v4/lesson1_ws/build/rmitbot_bringup' returned '0': CMAKE_PREFIX_PATH=${CMAKE_PREFIX_PATH}:/opt/ros/jazzy DEBUGINFOD_URLS=https://debuginfod.ubuntu.com /usr/bin/cmake --install /home/v120506/rmitbot_v4/lesson1_ws/build/rmitbot_bringup
